Analysis & Synthesis report for Final_Circuit
Tue Dec 04 11:28:12 2018
Quartus Prime Version 18.0.0 Build 614 04/24/2018 SJ Standard Edition


---------------------
; Table of Contents ;
---------------------
  1. Legal Notice
  2. Analysis & Synthesis Summary
  3. Analysis & Synthesis Settings
  4. Parallel Compilation
  5. Analysis & Synthesis Source Files Read
  6. Analysis & Synthesis Resource Usage Summary
  7. Analysis & Synthesis Resource Utilization by Entity
  8. User-Specified and Inferred Latches
  9. General Register Statistics
 10. Multiplexer Restructuring Statistics (Restructuring Performed)
 11. Post-Synthesis Netlist Statistics for Top Partition
 12. Elapsed Time Per Partition
 13. Analysis & Synthesis Messages



----------------
; Legal Notice ;
----------------
Copyright (C) 2018  Intel Corporation. All rights reserved.
Your use of Intel Corporation's design tools, logic functions 
and other software and tools, and its AMPP partner logic 
functions, and any output files from any of the foregoing 
(including device programming or simulation files), and any 
associated documentation or information are expressly subject 
to the terms and conditions of the Intel Program License 
Subscription Agreement, the Intel Quartus Prime License Agreement,
the Intel FPGA IP License Agreement, or other applicable license
agreement, including, without limitation, that your use is for
the sole purpose of programming logic devices manufactured by
Intel and sold by Intel or its authorized distributors.  Please
refer to the applicable agreement for further details.



+--------------------------------------------------------------------------------------+
; Analysis & Synthesis Summary                                                         ;
+------------------------------------+-------------------------------------------------+
; Analysis & Synthesis Status        ; Successful - Tue Dec 04 11:28:11 2018           ;
; Quartus Prime Version              ; 18.0.0 Build 614 04/24/2018 SJ Standard Edition ;
; Revision Name                      ; Final_Circuit                                   ;
; Top-level Entity Name              ; Final_Circuit                                   ;
; Family                             ; Cyclone IV E                                    ;
; Total logic elements               ; 340                                             ;
;     Total combinational functions  ; 328                                             ;
;     Dedicated logic registers      ; 66                                              ;
; Total registers                    ; 66                                              ;
; Total pins                         ; 90                                              ;
; Total virtual pins                 ; 0                                               ;
; Total memory bits                  ; 0                                               ;
; Embedded Multiplier 9-bit elements ; 0                                               ;
; Total PLLs                         ; 0                                               ;
+------------------------------------+-------------------------------------------------+


+------------------------------------------------------------------------------------------------------------+
; Analysis & Synthesis Settings                                                                              ;
+------------------------------------------------------------------+--------------------+--------------------+
; Option                                                           ; Setting            ; Default Value      ;
+------------------------------------------------------------------+--------------------+--------------------+
; Device                                                           ; EP4CE115F29C7      ;                    ;
; Top-level entity name                                            ; Final_Circuit      ; Final_Circuit      ;
; Family name                                                      ; Cyclone IV E       ; Cyclone V          ;
; Use smart compilation                                            ; Off                ; Off                ;
; Enable parallel Assembler and Timing Analyzer during compilation ; On                 ; On                 ;
; Enable compact report table                                      ; Off                ; Off                ;
; Restructure Multiplexers                                         ; Auto               ; Auto               ;
; Create Debugging Nodes for IP Cores                              ; Off                ; Off                ;
; Preserve fewer node names                                        ; On                 ; On                 ;
; Intel FPGA IP Evaluation Mode                                    ; Enable             ; Enable             ;
; Verilog Version                                                  ; Verilog_2001       ; Verilog_2001       ;
; VHDL Version                                                     ; VHDL_1993          ; VHDL_1993          ;
; State Machine Processing                                         ; Auto               ; Auto               ;
; Safe State Machine                                               ; Off                ; Off                ;
; Extract Verilog State Machines                                   ; On                 ; On                 ;
; Extract VHDL State Machines                                      ; On                 ; On                 ;
; Ignore Verilog initial constructs                                ; Off                ; Off                ;
; Iteration limit for constant Verilog loops                       ; 5000               ; 5000               ;
; Iteration limit for non-constant Verilog loops                   ; 250                ; 250                ;
; Add Pass-Through Logic to Inferred RAMs                          ; On                 ; On                 ;
; Infer RAMs from Raw Logic                                        ; On                 ; On                 ;
; Parallel Synthesis                                               ; On                 ; On                 ;
; DSP Block Balancing                                              ; Auto               ; Auto               ;
; NOT Gate Push-Back                                               ; On                 ; On                 ;
; Power-Up Don't Care                                              ; On                 ; On                 ;
; Remove Redundant Logic Cells                                     ; Off                ; Off                ;
; Remove Duplicate Registers                                       ; On                 ; On                 ;
; Ignore CARRY Buffers                                             ; Off                ; Off                ;
; Ignore CASCADE Buffers                                           ; Off                ; Off                ;
; Ignore GLOBAL Buffers                                            ; Off                ; Off                ;
; Ignore ROW GLOBAL Buffers                                        ; Off                ; Off                ;
; Ignore LCELL Buffers                                             ; Off                ; Off                ;
; Ignore SOFT Buffers                                              ; On                 ; On                 ;
; Limit AHDL Integers to 32 Bits                                   ; Off                ; Off                ;
; Optimization Technique                                           ; Balanced           ; Balanced           ;
; Carry Chain Length                                               ; 70                 ; 70                 ;
; Auto Carry Chains                                                ; On                 ; On                 ;
; Auto Open-Drain Pins                                             ; On                 ; On                 ;
; Perform WYSIWYG Primitive Resynthesis                            ; Off                ; Off                ;
; Auto ROM Replacement                                             ; On                 ; On                 ;
; Auto RAM Replacement                                             ; On                 ; On                 ;
; Auto DSP Block Replacement                                       ; On                 ; On                 ;
; Auto Shift Register Replacement                                  ; Auto               ; Auto               ;
; Allow Shift Register Merging across Hierarchies                  ; Auto               ; Auto               ;
; Auto Clock Enable Replacement                                    ; On                 ; On                 ;
; Strict RAM Replacement                                           ; Off                ; Off                ;
; Allow Synchronous Control Signals                                ; On                 ; On                 ;
; Force Use of Synchronous Clear Signals                           ; Off                ; Off                ;
; Auto RAM Block Balancing                                         ; On                 ; On                 ;
; Auto RAM to Logic Cell Conversion                                ; Off                ; Off                ;
; Auto Resource Sharing                                            ; Off                ; Off                ;
; Allow Any RAM Size For Recognition                               ; Off                ; Off                ;
; Allow Any ROM Size For Recognition                               ; Off                ; Off                ;
; Allow Any Shift Register Size For Recognition                    ; Off                ; Off                ;
; Use LogicLock Constraints during Resource Balancing              ; On                 ; On                 ;
; Ignore translate_off and synthesis_off directives                ; Off                ; Off                ;
; Timing-Driven Synthesis                                          ; On                 ; On                 ;
; Report Parameter Settings                                        ; On                 ; On                 ;
; Report Source Assignments                                        ; On                 ; On                 ;
; Report Connectivity Checks                                       ; On                 ; On                 ;
; Ignore Maximum Fan-Out Assignments                               ; Off                ; Off                ;
; Synchronization Register Chain Length                            ; 2                  ; 2                  ;
; Power Optimization During Synthesis                              ; Normal compilation ; Normal compilation ;
; HDL message level                                                ; Level2             ; Level2             ;
; Suppress Register Optimization Related Messages                  ; Off                ; Off                ;
; Number of Removed Registers Reported in Synthesis Report         ; 5000               ; 5000               ;
; Number of Swept Nodes Reported in Synthesis Report               ; 5000               ; 5000               ;
; Number of Inverted Registers Reported in Synthesis Report        ; 100                ; 100                ;
; Clock MUX Protection                                             ; On                 ; On                 ;
; Auto Gated Clock Conversion                                      ; Off                ; Off                ;
; Block Design Naming                                              ; Auto               ; Auto               ;
; SDC constraint protection                                        ; Off                ; Off                ;
; Synthesis Effort                                                 ; Auto               ; Auto               ;
; Shift Register Replacement - Allow Asynchronous Clear Signal     ; On                 ; On                 ;
; Pre-Mapping Resynthesis Optimization                             ; Off                ; Off                ;
; Analysis & Synthesis Message Level                               ; Medium             ; Medium             ;
; Disable Register Merging Across Hierarchies                      ; Auto               ; Auto               ;
; Resource Aware Inference For Block RAM                           ; On                 ; On                 ;
+------------------------------------------------------------------+--------------------+--------------------+


+------------------------------------------+
; Parallel Compilation                     ;
+----------------------------+-------------+
; Processors                 ; Number      ;
+----------------------------+-------------+
; Number detected on machine ; 8           ;
; Maximum allowed            ; 4           ;
;                            ;             ;
; Average used               ; 1.00        ;
; Maximum used               ; 4           ;
;                            ;             ;
; Usage by Processor         ; % Time Used ;
;     Processor 1            ; 100.0%      ;
;     Processor 2            ;   0.0%      ;
;     Processors 3-4         ;   0.0%      ;
+----------------------------+-------------+


+-----------------------------------------------------------------------------------------------------------------------------------------------------------------------+
; Analysis & Synthesis Source Files Read                                                                                                                                ;
+----------------------------------+-----------------+------------------------------------------+-------------------------------------------------------------+---------+
; File Name with User-Entered Path ; Used in Netlist ; File Type                                ; File Name with Absolute Path                                ; Library ;
+----------------------------------+-----------------+------------------------------------------+-------------------------------------------------------------+---------+
; Final_Circuit.bdf                ; yes             ; User Block Diagram/Schematic File        ; U:/CprE 281/Final Project/Final_Circuit/Final_Circuit.bdf   ;         ;
; LaneLights.v                     ; yes             ; User Verilog HDL File                    ; U:/CprE 281/Final Project/Final_Circuit/LaneLights.v        ;         ;
; LoadCapacities.v                 ; yes             ; User Verilog HDL File                    ; U:/CprE 281/Final Project/Final_Circuit/LoadCapacities.v    ;         ;
; sevensegs.bdf                    ; yes             ; Auto-Found Block Diagram/Schematic File  ; U:/CprE 281/Final Project/Final_Circuit/sevensegs.bdf       ;         ;
; seven_seg_decoder.v              ; yes             ; Auto-Found Verilog HDL File              ; U:/CprE 281/Final Project/Final_Circuit/seven_seg_decoder.v ;         ;
; statedecider.v                   ; yes             ; Auto-Found Verilog HDL File              ; U:/CprE 281/Final Project/Final_Circuit/statedecider.v      ;         ;
; statemachine.bdf                 ; yes             ; Auto-Found Block Diagram/Schematic File  ; U:/CprE 281/Final Project/Final_Circuit/statemachine.bdf    ;         ;
; osl.v                            ; yes             ; Auto-Found Verilog HDL File              ; U:/CprE 281/Final Project/Final_Circuit/osl.v               ;         ;
; nsl.v                            ; yes             ; Auto-Found Verilog HDL File              ; U:/CprE 281/Final Project/Final_Circuit/nsl.v               ;         ;
; ab.v                             ; yes             ; Auto-Found Verilog HDL File              ; U:/CprE 281/Final Project/Final_Circuit/ab.v                ;         ;
; modeab.v                         ; yes             ; Auto-Found Verilog HDL File              ; U:/CprE 281/Final Project/Final_Circuit/modeab.v            ;         ;
; counter.v                        ; yes             ; Auto-Found Verilog HDL File              ; U:/CprE 281/Final Project/Final_Circuit/counter.v           ;         ;
; regfile.bdf                      ; yes             ; Auto-Found Block Diagram/Schematic File  ; U:/CprE 281/Final Project/Final_Circuit/regfile.bdf         ;         ;
; mux4to1.v                        ; yes             ; Auto-Found Verilog HDL File              ; U:/CprE 281/Final Project/Final_Circuit/mux4to1.v           ;         ;
; mux2to1.v                        ; yes             ; Auto-Found Verilog HDL File              ; U:/CprE 281/Final Project/Final_Circuit/mux2to1.v           ;         ;
; decoder.v                        ; yes             ; Auto-Found Verilog HDL File              ; U:/CprE 281/Final Project/Final_Circuit/decoder.v           ;         ;
+----------------------------------+-----------------+------------------------------------------+-------------------------------------------------------------+---------+


+------------------------------------------------------------+
; Analysis & Synthesis Resource Usage Summary                ;
+---------------------------------------------+--------------+
; Resource                                    ; Usage        ;
+---------------------------------------------+--------------+
; Estimated Total logic elements              ; 340          ;
;                                             ;              ;
; Total combinational functions               ; 328          ;
; Logic element usage by number of LUT inputs ;              ;
;     -- 4 input functions                    ; 237          ;
;     -- 3 input functions                    ; 70           ;
;     -- <=2 input functions                  ; 21           ;
;                                             ;              ;
; Logic elements by mode                      ;              ;
;     -- normal mode                          ; 328          ;
;     -- arithmetic mode                      ; 0            ;
;                                             ;              ;
; Total registers                             ; 66           ;
;     -- Dedicated logic registers            ; 66           ;
;     -- I/O registers                        ; 0            ;
;                                             ;              ;
; I/O pins                                    ; 90           ;
;                                             ;              ;
; Embedded Multiplier 9-bit elements          ; 0            ;
;                                             ;              ;
; Maximum fan-out node                        ; Clock3~input ;
; Maximum fan-out                             ; 47           ;
; Total fan-out                               ; 1561         ;
; Average fan-out                             ; 2.72         ;
+---------------------------------------------+--------------+


+---------------------------------------------------------------------------------------------------------------------------------------------------------------------------------------------------------------------------------------------------------+
; Analysis & Synthesis Resource Utilization by Entity                                                                                                                                                                                                     ;
+---------------------------------+---------------------+---------------------------+-------------+--------------+---------+-----------+------+--------------+---------------------------------------------------------+-------------------+--------------+
; Compilation Hierarchy Node      ; Combinational ALUTs ; Dedicated Logic Registers ; Memory Bits ; DSP Elements ; DSP 9x9 ; DSP 18x18 ; Pins ; Virtual Pins ; Full Hierarchy Name                                     ; Entity Name       ; Library Name ;
+---------------------------------+---------------------+---------------------------+-------------+--------------+---------+-----------+------+--------------+---------------------------------------------------------+-------------------+--------------+
; |Final_Circuit                  ; 328 (0)             ; 66 (0)                    ; 0           ; 0            ; 0       ; 0         ; 90   ; 0            ; |Final_Circuit                                          ; Final_Circuit     ; work         ;
;    |AB:inst6|                   ; 161 (161)           ; 31 (31)                   ; 0           ; 0            ; 0       ; 0         ; 0    ; 0            ; |Final_Circuit|AB:inst6                                 ; AB                ; work         ;
;    |Counter:inst10|             ; 11 (11)             ; 4 (4)                     ; 0           ; 0            ; 0       ; 0         ; 0    ; 0            ; |Final_Circuit|Counter:inst10                           ; Counter           ; work         ;
;    |Counter:inst7|              ; 13 (13)             ; 4 (4)                     ; 0           ; 0            ; 0       ; 0         ; 0    ; 0            ; |Final_Circuit|Counter:inst7                            ; Counter           ; work         ;
;    |Counter:inst8|              ; 13 (13)             ; 4 (4)                     ; 0           ; 0            ; 0       ; 0         ; 0    ; 0            ; |Final_Circuit|Counter:inst8                            ; Counter           ; work         ;
;    |Counter:inst9|              ; 13 (13)             ; 4 (4)                     ; 0           ; 0            ; 0       ; 0         ; 0    ; 0            ; |Final_Circuit|Counter:inst9                            ; Counter           ; work         ;
;    |LoadCapacities:inst27|      ; 27 (27)             ; 0 (0)                     ; 0           ; 0            ; 0       ; 0         ; 0    ; 0            ; |Final_Circuit|LoadCapacities:inst27                    ; LoadCapacities    ; work         ;
;    |ModeAB:inst4|               ; 7 (7)               ; 0 (0)                     ; 0           ; 0            ; 0       ; 0         ; 0    ; 0            ; |Final_Circuit|ModeAB:inst4                             ; ModeAB            ; work         ;
;    |StateDecider:inst14|        ; 4 (4)               ; 0 (0)                     ; 0           ; 0            ; 0       ; 0         ; 0    ; 0            ; |Final_Circuit|StateDecider:inst14                      ; StateDecider      ; work         ;
;    |StateMachine:inst|          ; 14 (0)              ; 3 (3)                     ; 0           ; 0            ; 0       ; 0         ; 0    ; 0            ; |Final_Circuit|StateMachine:inst                        ; StateMachine      ; work         ;
;       |NSL:inst|                ; 11 (11)             ; 0 (0)                     ; 0           ; 0            ; 0       ; 0         ; 0    ; 0            ; |Final_Circuit|StateMachine:inst|NSL:inst               ; NSL               ; work         ;
;       |OSL:inst4|               ; 3 (3)               ; 0 (0)                     ; 0           ; 0            ; 0       ; 0         ; 0    ; 0            ; |Final_Circuit|StateMachine:inst|OSL:inst4              ; OSL               ; work         ;
;    |regfile:inst18|             ; 9 (0)               ; 16 (16)                   ; 0           ; 0            ; 0       ; 0         ; 0    ; 0            ; |Final_Circuit|regfile:inst18                           ; regfile           ; work         ;
;       |decoder:inst|            ; 1 (1)               ; 0 (0)                     ; 0           ; 0            ; 0       ; 0         ; 0    ; 0            ; |Final_Circuit|regfile:inst18|decoder:inst              ; decoder           ; work         ;
;       |mux4to1:inst20|          ; 2 (2)               ; 0 (0)                     ; 0           ; 0            ; 0       ; 0         ; 0    ; 0            ; |Final_Circuit|regfile:inst18|mux4to1:inst20            ; mux4to1           ; work         ;
;       |mux4to1:inst21|          ; 2 (2)               ; 0 (0)                     ; 0           ; 0            ; 0       ; 0         ; 0    ; 0            ; |Final_Circuit|regfile:inst18|mux4to1:inst21            ; mux4to1           ; work         ;
;       |mux4to1:inst32|          ; 2 (2)               ; 0 (0)                     ; 0           ; 0            ; 0       ; 0         ; 0    ; 0            ; |Final_Circuit|regfile:inst18|mux4to1:inst32            ; mux4to1           ; work         ;
;       |mux4to1:inst43|          ; 2 (2)               ; 0 (0)                     ; 0           ; 0            ; 0       ; 0         ; 0    ; 0            ; |Final_Circuit|regfile:inst18|mux4to1:inst43            ; mux4to1           ; work         ;
;    |sevensegs:inst11|           ; 28 (0)              ; 0 (0)                     ; 0           ; 0            ; 0       ; 0         ; 0    ; 0            ; |Final_Circuit|sevensegs:inst11                         ; sevensegs         ; work         ;
;       |seven_seg_decoder:inst1| ; 7 (7)               ; 0 (0)                     ; 0           ; 0            ; 0       ; 0         ; 0    ; 0            ; |Final_Circuit|sevensegs:inst11|seven_seg_decoder:inst1 ; seven_seg_decoder ; work         ;
;       |seven_seg_decoder:inst2| ; 7 (7)               ; 0 (0)                     ; 0           ; 0            ; 0       ; 0         ; 0    ; 0            ; |Final_Circuit|sevensegs:inst11|seven_seg_decoder:inst2 ; seven_seg_decoder ; work         ;
;       |seven_seg_decoder:inst3| ; 7 (7)               ; 0 (0)                     ; 0           ; 0            ; 0       ; 0         ; 0    ; 0            ; |Final_Circuit|sevensegs:inst11|seven_seg_decoder:inst3 ; seven_seg_decoder ; work         ;
;       |seven_seg_decoder:inst|  ; 7 (7)               ; 0 (0)                     ; 0           ; 0            ; 0       ; 0         ; 0    ; 0            ; |Final_Circuit|sevensegs:inst11|seven_seg_decoder:inst  ; seven_seg_decoder ; work         ;
;    |sevensegs:inst20|           ; 28 (0)              ; 0 (0)                     ; 0           ; 0            ; 0       ; 0         ; 0    ; 0            ; |Final_Circuit|sevensegs:inst20                         ; sevensegs         ; work         ;
;       |seven_seg_decoder:inst1| ; 7 (7)               ; 0 (0)                     ; 0           ; 0            ; 0       ; 0         ; 0    ; 0            ; |Final_Circuit|sevensegs:inst20|seven_seg_decoder:inst1 ; seven_seg_decoder ; work         ;
;       |seven_seg_decoder:inst2| ; 7 (7)               ; 0 (0)                     ; 0           ; 0            ; 0       ; 0         ; 0    ; 0            ; |Final_Circuit|sevensegs:inst20|seven_seg_decoder:inst2 ; seven_seg_decoder ; work         ;
;       |seven_seg_decoder:inst3| ; 7 (7)               ; 0 (0)                     ; 0           ; 0            ; 0       ; 0         ; 0    ; 0            ; |Final_Circuit|sevensegs:inst20|seven_seg_decoder:inst3 ; seven_seg_decoder ; work         ;
;       |seven_seg_decoder:inst|  ; 7 (7)               ; 0 (0)                     ; 0           ; 0            ; 0       ; 0         ; 0    ; 0            ; |Final_Circuit|sevensegs:inst20|seven_seg_decoder:inst  ; seven_seg_decoder ; work         ;
+---------------------------------+---------------------+---------------------------+-------------+--------------+---------+-----------+------+--------------+---------------------------------------------------------+-------------------+--------------+
Note: For table entries with two numbers listed, the numbers in parentheses indicate the number of resources of the given type used by the specific entity alone. The numbers listed outside of parentheses indicate the total resources of the given type used by the specific entity and all of its sub-entities in the hierarchy.


+---------------------------------------------------------------------------------------------------------+
; User-Specified and Inferred Latches                                                                     ;
+-----------------------------------------------------+--------------------------+------------------------+
; Latch Name                                          ; Latch Enable Signal      ; Free of Timing Hazards ;
+-----------------------------------------------------+--------------------------+------------------------+
; LoadCapacities:inst27|Cap1[0]                       ; StateDecider:inst14|Mux1 ; yes                    ;
; LoadCapacities:inst27|Cap1[1]                       ; StateDecider:inst14|Mux1 ; yes                    ;
; LoadCapacities:inst27|Cap1[2]                       ; StateDecider:inst14|Mux1 ; yes                    ;
; LoadCapacities:inst27|Cap1[3]                       ; StateDecider:inst14|Mux1 ; yes                    ;
; LoadCapacities:inst27|Cap2[0]                       ; StateDecider:inst14|Mux2 ; yes                    ;
; LoadCapacities:inst27|Cap2[1]                       ; StateDecider:inst14|Mux2 ; yes                    ;
; LoadCapacities:inst27|Cap2[2]                       ; StateDecider:inst14|Mux2 ; yes                    ;
; LoadCapacities:inst27|Cap2[3]                       ; StateDecider:inst14|Mux2 ; yes                    ;
; LoadCapacities:inst27|Cap3[0]                       ; StateDecider:inst14|Mux3 ; yes                    ;
; LoadCapacities:inst27|Cap3[1]                       ; StateDecider:inst14|Mux3 ; yes                    ;
; LoadCapacities:inst27|Cap3[2]                       ; StateDecider:inst14|Mux3 ; yes                    ;
; LoadCapacities:inst27|Cap3[3]                       ; StateDecider:inst14|Mux3 ; yes                    ;
; LoadCapacities:inst27|Cap4[0]                       ; StateDecider:inst14|Mux4 ; yes                    ;
; LoadCapacities:inst27|Cap4[1]                       ; StateDecider:inst14|Mux4 ; yes                    ;
; LoadCapacities:inst27|Cap4[2]                       ; StateDecider:inst14|Mux4 ; yes                    ;
; LoadCapacities:inst27|Cap4[3]                       ; StateDecider:inst14|Mux4 ; yes                    ;
; ModeAB:inst4|aslane[0]                              ; AB:inst6|Equal3          ; yes                    ;
; ModeAB:inst4|aslane[1]                              ; AB:inst6|Equal3          ; yes                    ;
; ModeAB:inst4|aslane[2]                              ; AB:inst6|Equal3          ; yes                    ;
; ModeAB:inst4|aslane[3]                              ; AB:inst6|Equal3          ; yes                    ;
; Number of user-specified and inferred latches = 20  ;                          ;                        ;
+-----------------------------------------------------+--------------------------+------------------------+
Note: All latches listed above may not be present at the end of synthesis due to various synthesis optimizations.


+------------------------------------------------------+
; General Register Statistics                          ;
+----------------------------------------------+-------+
; Statistic                                    ; Value ;
+----------------------------------------------+-------+
; Total registers                              ; 66    ;
; Number of registers using Synchronous Clear  ; 0     ;
; Number of registers using Synchronous Load   ; 4     ;
; Number of registers using Asynchronous Clear ; 0     ;
; Number of registers using Asynchronous Load  ; 0     ;
; Number of registers using Clock Enable       ; 55    ;
; Number of registers using Preset             ; 0     ;
+----------------------------------------------+-------+


+--------------------------------------------------------------------------------------------------------------------------------------------------------------+
; Multiplexer Restructuring Statistics (Restructuring Performed)                                                                                               ;
+--------------------+-----------+---------------+----------------------+------------------------+------------+------------------------------------------------+
; Multiplexer Inputs ; Bus Width ; Baseline Area ; Area if Restructured ; Saving if Restructured ; Registered ; Example Multiplexer Output                     ;
+--------------------+-----------+---------------+----------------------+------------------------+------------+------------------------------------------------+
; 3:1                ; 3 bits    ; 6 LEs         ; 3 LEs                ; 3 LEs                  ; Yes        ; |Final_Circuit|AB:inst6|fl1[2]                 ;
; 3:1                ; 3 bits    ; 6 LEs         ; 3 LEs                ; 3 LEs                  ; Yes        ; |Final_Circuit|AB:inst6|fl2[2]                 ;
; 3:1                ; 3 bits    ; 6 LEs         ; 3 LEs                ; 3 LEs                  ; Yes        ; |Final_Circuit|AB:inst6|fl3[0]                 ;
; 3:1                ; 3 bits    ; 6 LEs         ; 3 LEs                ; 3 LEs                  ; Yes        ; |Final_Circuit|AB:inst6|fl4[0]                 ;
; 5:1                ; 3 bits    ; 9 LEs         ; 6 LEs                ; 3 LEs                  ; Yes        ; |Final_Circuit|AB:inst6|lane[2]                ;
; 7:1                ; 4 bits    ; 16 LEs        ; 12 LEs               ; 4 LEs                  ; Yes        ; |Final_Circuit|AB:inst6|Lights[3]              ;
; 27:1               ; 4 bits    ; 72 LEs        ; 68 LEs               ; 4 LEs                  ; Yes        ; |Final_Circuit|AB:inst6|s[0]                   ;
; 4:1                ; 4 bits    ; 8 LEs         ; 8 LEs                ; 0 LEs                  ; No         ; |Final_Circuit|regfile:inst18|mux4to1:inst20|F ;
; 3:1                ; 4 bits    ; 8 LEs         ; 4 LEs                ; 4 LEs                  ; No         ; |Final_Circuit|LoadCapacities:inst27|Out[2]    ;
+--------------------+-----------+---------------+----------------------+------------------------+------------+------------------------------------------------+


+-----------------------------------------------------+
; Post-Synthesis Netlist Statistics for Top Partition ;
+-----------------------+-----------------------------+
; Type                  ; Count                       ;
+-----------------------+-----------------------------+
; boundary_port         ; 90                          ;
; cycloneiii_ff         ; 66                          ;
;     ENA               ; 55                          ;
;     SLD               ; 4                           ;
;     plain             ; 7                           ;
; cycloneiii_lcell_comb ; 340                         ;
;     normal            ; 340                         ;
;         1 data inputs ; 12                          ;
;         2 data inputs ; 21                          ;
;         3 data inputs ; 70                          ;
;         4 data inputs ; 237                         ;
;                       ;                             ;
; Max LUT depth         ; 12.00                       ;
; Average LUT depth     ; 5.49                        ;
+-----------------------+-----------------------------+


+-------------------------------+
; Elapsed Time Per Partition    ;
+----------------+--------------+
; Partition Name ; Elapsed Time ;
+----------------+--------------+
; Top            ; 00:00:01     ;
+----------------+--------------+


+-------------------------------+
; Analysis & Synthesis Messages ;
+-------------------------------+
Info: *******************************************************************
Info: Running Quartus Prime Analysis & Synthesis
    Info: Version 18.0.0 Build 614 04/24/2018 SJ Standard Edition
    Info: Processing started: Tue Dec 04 11:27:54 2018
Info: Command: quartus_map --read_settings_files=on --write_settings_files=off Final_Circuit -c Final_Circuit
Warning (18236): Number of processors has not been specified which may cause overloading on shared machines.  Set the global assignment NUM_PARALLEL_PROCESSORS in your QSF to an appropriate value for best performance.
Info (20030): Parallel compilation is enabled and will use 4 of the 4 processors detected
Info (12021): Found 1 design units, including 1 entities, in source file final_circuit.bdf
    Info (12023): Found entity 1: Final_Circuit
Info (12021): Found 1 design units, including 1 entities, in source file lanelights.v
    Info (12023): Found entity 1: LaneLights File: U:/CprE 281/Final Project/Final_Circuit/LaneLights.v Line: 1
Info (12021): Found 1 design units, including 1 entities, in source file loadcapacities.v
    Info (12023): Found entity 1: LoadCapacities File: U:/CprE 281/Final Project/Final_Circuit/LoadCapacities.v Line: 1
Warning (12019): Can't analyze file -- file output_files/ChooseCapacity.v is missing
Info (12127): Elaborating entity "Final_Circuit" for the top level hierarchy
Warning (12125): Using design file sevensegs.bdf, which is not specified as a design file for the current project, but contains definitions for 1 design units and 1 entities in project
    Info (12023): Found entity 1: sevensegs
Info (12128): Elaborating entity "sevensegs" for hierarchy "sevensegs:inst20"
Warning (12125): Using design file seven_seg_decoder.v, which is not specified as a design file for the current project, but contains definitions for 1 design units and 1 entities in project
    Info (12023): Found entity 1: seven_seg_decoder File: U:/CprE 281/Final Project/Final_Circuit/seven_seg_decoder.v Line: 1
Info (12128): Elaborating entity "seven_seg_decoder" for hierarchy "sevensegs:inst20|seven_seg_decoder:inst"
Info (12128): Elaborating entity "LoadCapacities" for hierarchy "LoadCapacities:inst27"
Warning (10240): Verilog HDL Always Construct warning at LoadCapacities.v(11): inferring latch(es) for variable "j", which holds its previous value in one or more paths through the always construct File: U:/CprE 281/Final Project/Final_Circuit/LoadCapacities.v Line: 11
Warning (10240): Verilog HDL Always Construct warning at LoadCapacities.v(11): inferring latch(es) for variable "Out", which holds its previous value in one or more paths through the always construct File: U:/CprE 281/Final Project/Final_Circuit/LoadCapacities.v Line: 11
Warning (10240): Verilog HDL Always Construct warning at LoadCapacities.v(11): inferring latch(es) for variable "Cap1", which holds its previous value in one or more paths through the always construct File: U:/CprE 281/Final Project/Final_Circuit/LoadCapacities.v Line: 11
Warning (10240): Verilog HDL Always Construct warning at LoadCapacities.v(11): inferring latch(es) for variable "Cap2", which holds its previous value in one or more paths through the always construct File: U:/CprE 281/Final Project/Final_Circuit/LoadCapacities.v Line: 11
Warning (10240): Verilog HDL Always Construct warning at LoadCapacities.v(11): inferring latch(es) for variable "Cap3", which holds its previous value in one or more paths through the always construct File: U:/CprE 281/Final Project/Final_Circuit/LoadCapacities.v Line: 11
Warning (10240): Verilog HDL Always Construct warning at LoadCapacities.v(11): inferring latch(es) for variable "Cap4", which holds its previous value in one or more paths through the always construct File: U:/CprE 281/Final Project/Final_Circuit/LoadCapacities.v Line: 11
Info (10041): Inferred latch for "Out[0]" at LoadCapacities.v(73) File: U:/CprE 281/Final Project/Final_Circuit/LoadCapacities.v Line: 73
Info (10041): Inferred latch for "Out[1]" at LoadCapacities.v(73) File: U:/CprE 281/Final Project/Final_Circuit/LoadCapacities.v Line: 73
Info (10041): Inferred latch for "Out[2]" at LoadCapacities.v(73) File: U:/CprE 281/Final Project/Final_Circuit/LoadCapacities.v Line: 73
Info (10041): Inferred latch for "Out[3]" at LoadCapacities.v(73) File: U:/CprE 281/Final Project/Final_Circuit/LoadCapacities.v Line: 73
Info (10041): Inferred latch for "Out[4]" at LoadCapacities.v(73) File: U:/CprE 281/Final Project/Final_Circuit/LoadCapacities.v Line: 73
Info (10041): Inferred latch for "Out[5]" at LoadCapacities.v(73) File: U:/CprE 281/Final Project/Final_Circuit/LoadCapacities.v Line: 73
Info (10041): Inferred latch for "Out[6]" at LoadCapacities.v(73) File: U:/CprE 281/Final Project/Final_Circuit/LoadCapacities.v Line: 73
Info (10041): Inferred latch for "Out[7]" at LoadCapacities.v(73) File: U:/CprE 281/Final Project/Final_Circuit/LoadCapacities.v Line: 73
Info (10041): Inferred latch for "Out[8]" at LoadCapacities.v(73) File: U:/CprE 281/Final Project/Final_Circuit/LoadCapacities.v Line: 73
Info (10041): Inferred latch for "Cap4[0]" at LoadCapacities.v(73) File: U:/CprE 281/Final Project/Final_Circuit/LoadCapacities.v Line: 73
Info (10041): Inferred latch for "Cap4[1]" at LoadCapacities.v(73) File: U:/CprE 281/Final Project/Final_Circuit/LoadCapacities.v Line: 73
Info (10041): Inferred latch for "Cap4[2]" at LoadCapacities.v(73) File: U:/CprE 281/Final Project/Final_Circuit/LoadCapacities.v Line: 73
Info (10041): Inferred latch for "Cap4[3]" at LoadCapacities.v(73) File: U:/CprE 281/Final Project/Final_Circuit/LoadCapacities.v Line: 73
Info (10041): Inferred latch for "Cap3[0]" at LoadCapacities.v(62) File: U:/CprE 281/Final Project/Final_Circuit/LoadCapacities.v Line: 62
Info (10041): Inferred latch for "Cap3[1]" at LoadCapacities.v(62) File: U:/CprE 281/Final Project/Final_Circuit/LoadCapacities.v Line: 62
Info (10041): Inferred latch for "Cap3[2]" at LoadCapacities.v(62) File: U:/CprE 281/Final Project/Final_Circuit/LoadCapacities.v Line: 62
Info (10041): Inferred latch for "Cap3[3]" at LoadCapacities.v(62) File: U:/CprE 281/Final Project/Final_Circuit/LoadCapacities.v Line: 62
Info (10041): Inferred latch for "Cap2[0]" at LoadCapacities.v(51) File: U:/CprE 281/Final Project/Final_Circuit/LoadCapacities.v Line: 51
Info (10041): Inferred latch for "Cap2[1]" at LoadCapacities.v(51) File: U:/CprE 281/Final Project/Final_Circuit/LoadCapacities.v Line: 51
Info (10041): Inferred latch for "Cap2[2]" at LoadCapacities.v(51) File: U:/CprE 281/Final Project/Final_Circuit/LoadCapacities.v Line: 51
Info (10041): Inferred latch for "Cap2[3]" at LoadCapacities.v(51) File: U:/CprE 281/Final Project/Final_Circuit/LoadCapacities.v Line: 51
Info (10041): Inferred latch for "Cap1[0]" at LoadCapacities.v(40) File: U:/CprE 281/Final Project/Final_Circuit/LoadCapacities.v Line: 40
Info (10041): Inferred latch for "Cap1[1]" at LoadCapacities.v(40) File: U:/CprE 281/Final Project/Final_Circuit/LoadCapacities.v Line: 40
Info (10041): Inferred latch for "Cap1[2]" at LoadCapacities.v(40) File: U:/CprE 281/Final Project/Final_Circuit/LoadCapacities.v Line: 40
Info (10041): Inferred latch for "Cap1[3]" at LoadCapacities.v(40) File: U:/CprE 281/Final Project/Final_Circuit/LoadCapacities.v Line: 40
Warning (12125): Using design file statedecider.v, which is not specified as a design file for the current project, but contains definitions for 1 design units and 1 entities in project
    Info (12023): Found entity 1: StateDecider File: U:/CprE 281/Final Project/Final_Circuit/statedecider.v Line: 1
Info (12128): Elaborating entity "StateDecider" for hierarchy "StateDecider:inst14"
Warning (10270): Verilog HDL Case Statement warning at statedecider.v(10): incomplete case statement has no default case item File: U:/CprE 281/Final Project/Final_Circuit/statedecider.v Line: 10
Warning (10240): Verilog HDL Always Construct warning at statedecider.v(8): inferring latch(es) for variable "GF", which holds its previous value in one or more paths through the always construct File: U:/CprE 281/Final Project/Final_Circuit/statedecider.v Line: 8
Warning (10240): Verilog HDL Always Construct warning at statedecider.v(8): inferring latch(es) for variable "StateAE", which holds its previous value in one or more paths through the always construct File: U:/CprE 281/Final Project/Final_Circuit/statedecider.v Line: 8
Info (10041): Inferred latch for "StateAE[0]" at statedecider.v(8) File: U:/CprE 281/Final Project/Final_Circuit/statedecider.v Line: 8
Info (10041): Inferred latch for "StateAE[1]" at statedecider.v(8) File: U:/CprE 281/Final Project/Final_Circuit/statedecider.v Line: 8
Info (10041): Inferred latch for "StateAE[2]" at statedecider.v(8) File: U:/CprE 281/Final Project/Final_Circuit/statedecider.v Line: 8
Info (10041): Inferred latch for "StateAE[3]" at statedecider.v(8) File: U:/CprE 281/Final Project/Final_Circuit/statedecider.v Line: 8
Info (10041): Inferred latch for "StateAE[4]" at statedecider.v(8) File: U:/CprE 281/Final Project/Final_Circuit/statedecider.v Line: 8
Info (10041): Inferred latch for "GF[0]" at statedecider.v(8) File: U:/CprE 281/Final Project/Final_Circuit/statedecider.v Line: 8
Info (10041): Inferred latch for "GF[1]" at statedecider.v(8) File: U:/CprE 281/Final Project/Final_Circuit/statedecider.v Line: 8
Warning (12125): Using design file statemachine.bdf, which is not specified as a design file for the current project, but contains definitions for 1 design units and 1 entities in project
    Info (12023): Found entity 1: StateMachine
Info (12128): Elaborating entity "StateMachine" for hierarchy "StateMachine:inst"
Warning (12125): Using design file osl.v, which is not specified as a design file for the current project, but contains definitions for 1 design units and 1 entities in project
    Info (12023): Found entity 1: OSL File: U:/CprE 281/Final Project/Final_Circuit/osl.v Line: 1
Info (12128): Elaborating entity "OSL" for hierarchy "StateMachine:inst|OSL:inst4"
Warning (12125): Using design file nsl.v, which is not specified as a design file for the current project, but contains definitions for 1 design units and 1 entities in project
    Info (12023): Found entity 1: NSL File: U:/CprE 281/Final Project/Final_Circuit/nsl.v Line: 1
Info (12128): Elaborating entity "NSL" for hierarchy "StateMachine:inst|NSL:inst"
Info (12128): Elaborating entity "LaneLights" for hierarchy "LaneLights:inst13"
Warning (12125): Using design file ab.v, which is not specified as a design file for the current project, but contains definitions for 1 design units and 1 entities in project
    Info (12023): Found entity 1: AB File: U:/CprE 281/Final Project/Final_Circuit/ab.v Line: 1
Info (12128): Elaborating entity "AB" for hierarchy "AB:inst6"
Warning (12125): Using design file modeab.v, which is not specified as a design file for the current project, but contains definitions for 1 design units and 1 entities in project
    Info (12023): Found entity 1: ModeAB File: U:/CprE 281/Final Project/Final_Circuit/modeab.v Line: 1
Info (12128): Elaborating entity "ModeAB" for hierarchy "ModeAB:inst4"
Warning (10270): Verilog HDL Case Statement warning at modeab.v(9): incomplete case statement has no default case item File: U:/CprE 281/Final Project/Final_Circuit/modeab.v Line: 9
Warning (10240): Verilog HDL Always Construct warning at modeab.v(9): inferring latch(es) for variable "aslane", which holds its previous value in one or more paths through the always construct File: U:/CprE 281/Final Project/Final_Circuit/modeab.v Line: 9
Info (10041): Inferred latch for "aslane[0]" at modeab.v(9) File: U:/CprE 281/Final Project/Final_Circuit/modeab.v Line: 9
Info (10041): Inferred latch for "aslane[1]" at modeab.v(9) File: U:/CprE 281/Final Project/Final_Circuit/modeab.v Line: 9
Info (10041): Inferred latch for "aslane[2]" at modeab.v(9) File: U:/CprE 281/Final Project/Final_Circuit/modeab.v Line: 9
Info (10041): Inferred latch for "aslane[3]" at modeab.v(9) File: U:/CprE 281/Final Project/Final_Circuit/modeab.v Line: 9
Warning (12125): Using design file counter.v, which is not specified as a design file for the current project, but contains definitions for 1 design units and 1 entities in project
    Info (12023): Found entity 1: Counter File: U:/CprE 281/Final Project/Final_Circuit/counter.v Line: 1
Info (12128): Elaborating entity "Counter" for hierarchy "Counter:inst7"
Warning (12125): Using design file regfile.bdf, which is not specified as a design file for the current project, but contains definitions for 1 design units and 1 entities in project
    Info (12023): Found entity 1: regfile
Info (12128): Elaborating entity "regfile" for hierarchy "regfile:inst18"
Warning (12125): Using design file mux4to1.v, which is not specified as a design file for the current project, but contains definitions for 1 design units and 1 entities in project
    Info (12023): Found entity 1: mux4to1 File: U:/CprE 281/Final Project/Final_Circuit/mux4to1.v Line: 1
Info (12128): Elaborating entity "mux4to1" for hierarchy "regfile:inst18|mux4to1:inst20"
Warning (12125): Using design file mux2to1.v, which is not specified as a design file for the current project, but contains definitions for 1 design units and 1 entities in project
    Info (12023): Found entity 1: mux2to1 File: U:/CprE 281/Final Project/Final_Circuit/mux2to1.v Line: 1
Info (12128): Elaborating entity "mux2to1" for hierarchy "regfile:inst18|mux2to1:inst8"
Warning (12125): Using design file decoder.v, which is not specified as a design file for the current project, but contains definitions for 1 design units and 1 entities in project
    Info (12023): Found entity 1: decoder File: U:/CprE 281/Final Project/Final_Circuit/decoder.v Line: 1
Info (12128): Elaborating entity "decoder" for hierarchy "regfile:inst18|decoder:inst"
Warning (14026): LATCH primitive "LoadCapacities:inst27|Out[3]" is permanently enabled File: U:/CprE 281/Final Project/Final_Circuit/LoadCapacities.v Line: 73
Warning (14026): LATCH primitive "LoadCapacities:inst27|Out[2]" is permanently enabled File: U:/CprE 281/Final Project/Final_Circuit/LoadCapacities.v Line: 73
Warning (14026): LATCH primitive "LoadCapacities:inst27|Out[1]" is permanently enabled File: U:/CprE 281/Final Project/Final_Circuit/LoadCapacities.v Line: 73
Warning (14026): LATCH primitive "LoadCapacities:inst27|Out[0]" is permanently enabled File: U:/CprE 281/Final Project/Final_Circuit/LoadCapacities.v Line: 73
Warning (14026): LATCH primitive "StateDecider:inst14|StateAE[1]" is permanently enabled File: U:/CprE 281/Final Project/Final_Circuit/statedecider.v Line: 8
Warning (14026): LATCH primitive "StateDecider:inst14|StateAE[2]" is permanently enabled File: U:/CprE 281/Final Project/Final_Circuit/statedecider.v Line: 8
Warning (14026): LATCH primitive "StateDecider:inst14|StateAE[3]" is permanently enabled File: U:/CprE 281/Final Project/Final_Circuit/statedecider.v Line: 8
Warning (14026): LATCH primitive "StateDecider:inst14|StateAE[4]" is permanently enabled File: U:/CprE 281/Final Project/Final_Circuit/statedecider.v Line: 8
Warning (14026): LATCH primitive "StateDecider:inst14|GF[0]" is permanently enabled File: U:/CprE 281/Final Project/Final_Circuit/statedecider.v Line: 8
Warning (14026): LATCH primitive "StateDecider:inst14|GF[1]" is permanently enabled File: U:/CprE 281/Final Project/Final_Circuit/statedecider.v Line: 8
Warning (13012): Latch ModeAB:inst4|aslane[0] has unsafe behavior File: U:/CprE 281/Final Project/Final_Circuit/modeab.v Line: 9
    Warning (13013): Ports D and ENA on the latch are fed by the same signal StateMachine:inst|OSL:inst4|z[0] File: U:/CprE 281/Final Project/Final_Circuit/osl.v Line: 3
Warning (13012): Latch ModeAB:inst4|aslane[1] has unsafe behavior File: U:/CprE 281/Final Project/Final_Circuit/modeab.v Line: 9
    Warning (13013): Ports D and ENA on the latch are fed by the same signal StateMachine:inst|OSL:inst4|z[0] File: U:/CprE 281/Final Project/Final_Circuit/osl.v Line: 3
Warning (13012): Latch ModeAB:inst4|aslane[2] has unsafe behavior File: U:/CprE 281/Final Project/Final_Circuit/modeab.v Line: 9
    Warning (13013): Ports D and ENA on the latch are fed by the same signal StateMachine:inst|OSL:inst4|z[0] File: U:/CprE 281/Final Project/Final_Circuit/osl.v Line: 3
Warning (13012): Latch ModeAB:inst4|aslane[3] has unsafe behavior File: U:/CprE 281/Final Project/Final_Circuit/modeab.v Line: 9
    Warning (13013): Ports D and ENA on the latch are fed by the same signal StateMachine:inst|OSL:inst4|z[0] File: U:/CprE 281/Final Project/Final_Circuit/osl.v Line: 3
Warning (14026): LATCH primitive "ModeAB:inst4|aslane[0]" is permanently enabled File: U:/CprE 281/Final Project/Final_Circuit/modeab.v Line: 9
Warning (14026): LATCH primitive "ModeAB:inst4|aslane[1]" is permanently enabled File: U:/CprE 281/Final Project/Final_Circuit/modeab.v Line: 9
Warning (14026): LATCH primitive "ModeAB:inst4|aslane[2]" is permanently enabled File: U:/CprE 281/Final Project/Final_Circuit/modeab.v Line: 9
Warning (14026): LATCH primitive "ModeAB:inst4|aslane[3]" is permanently enabled File: U:/CprE 281/Final Project/Final_Circuit/modeab.v Line: 9
Info (286030): Timing-Driven Synthesis is running
Info (16010): Generating hard_block partition "hard_block:auto_generated_inst"
    Info (16011): Adding 0 node(s), including 0 DDIO, 0 PLL, 0 transceiver and 0 LCELL
Info (21057): Implemented 435 device resources after synthesis - the final resource count might be different
    Info (21058): Implemented 14 input pins
    Info (21059): Implemented 76 output pins
    Info (21061): Implemented 345 logic cells
Info: Quartus Prime Analysis & Synthesis was successful. 0 errors, 48 warnings
    Info: Peak virtual memory: 677 megabytes
    Info: Processing ended: Tue Dec 04 11:28:12 2018
    Info: Elapsed time: 00:00:18
    Info: Total CPU time (on all processors): 00:00:22


